<?xml version="1.0" encoding="UTF-8"?>
<!-- Generated by org.testng.reporters.JUnitReportReporter -->
<testsuite skipped="0" hostname="LAPTOP-0PLB3QLT" name="com.easbuy.tests.Group_ex2" tests="2" failures="0" timestamp="2022-07-06T13:11:18 IST" time="0.026" errors="0">
  <testcase name="Test5" time="0.004" classname="com.easbuy.tests.Group_ex2"/>
  <system-out/>
  <testcase name="Test4" time="0.022" classname="com.easbuy.tests.Group_ex2"/>
  <system-out/>
</testsuite> <!-- com.easbuy.tests.Group_ex2 -->
