<?xml version="1.0" encoding="UTF-8"?>
<!-- Generated by org.testng.reporters.JUnitReportReporter -->
<testsuite hostname="LAPTOP-0PLB3QLT" failures="0" tests="1" name="com.easbuy.tests.Login_Swaglabs" time="13.006" errors="0" timestamp="2022-07-11T00:35:43 IST" skipped="0">
  <testcase classname="com.easbuy.tests.Login_Swaglabs" name="loginswaglabs" time="13.006"/>
  <system-out/>
</testsuite> <!-- com.easbuy.tests.Login_Swaglabs -->
