<?xml version="1.0" encoding="UTF-8"?>
<!-- Generated by org.testng.reporters.JUnitReportReporter -->
<testsuite hostname="LAPTOP-0PLB3QLT" failures="0" tests="1" name="com.easbuy.tests.Login_Swaglabs2" time="11.710" errors="0" timestamp="2022-07-11T08:10:44 IST" skipped="0">
  <testcase classname="com.easbuy.tests.Login_Swaglabs2" name="loginswaglabs" time="11.710"/>
  <system-out/>
</testsuite> <!-- com.easbuy.tests.Login_Swaglabs2 -->
