<?xml version="1.0" encoding="UTF-8"?>
<!-- Generated by org.testng.reporters.JUnitReportReporter -->
<testsuite skipped="0" hostname="LAPTOP-0PLB3QLT" name="com.easbuy.tests.Group_Ex1" tests="1" failures="0" timestamp="2022-07-06T13:11:18 IST" time="0.006" errors="0">
  <testcase name="Test2" time="0.006" classname="com.easbuy.tests.Group_Ex1"/>
  <system-out/>
</testsuite> <!-- com.easbuy.tests.Group_Ex1 -->
