<?xml version="1.0" encoding="UTF-8"?>
<!-- Generated by org.testng.reporters.JUnitReportReporter -->
<testsuite skipped="0" hostname="LAPTOP-0PLB3QLT" name="com.easbuy.tests.Dataprovider_Ex2" tests="2" failures="0" timestamp="2022-07-08T14:53:45 IST" time="23.152" errors="0">
  <testcase name="loginswaglabs" time="7.872" classname="com.easbuy.tests.Dataprovider_Ex2"/>
  <system-out/>
  <testcase name="loginswaglabs" time="15.280" classname="com.easbuy.tests.Dataprovider_Ex2"/>
  <system-out/>
</testsuite> <!-- com.easbuy.tests.Dataprovider_Ex2 -->
