<?xml version="1.0" encoding="UTF-8"?>
<!-- Generated by org.testng.reporters.JUnitReportReporter -->
<testsuite skipped="0" hostname="LAPTOP-0PLB3QLT" name="com.easbuy.tests.Annotations2" tests="2" failures="0" timestamp="2022-07-06T09:52:01 IST" time="25.895" errors="0">
  <testcase name="verifycart" time="16.715" classname="com.easbuy.tests.Annotations2"/>
  <system-out/>
  <testcase name="loginswaglabs" time="9.180" classname="com.easbuy.tests.Annotations2"/>
  <system-out/>
</testsuite> <!-- com.easbuy.tests.Annotations2 -->
