<?xml version="1.0" encoding="UTF-8"?>
<!-- Generated by org.testng.reporters.JUnitReportReporter -->
<testsuite skipped="0" hostname="LAPTOP-0PLB3QLT" name="com.easbuy.tests.Annotations" tests="2" failures="0" timestamp="2022-07-06T08:59:15 IST" time="0.063" errors="0">
  <testcase name="test1" time="0.055" classname="com.easbuy.tests.Annotations"/>
  <system-out/>
  <testcase name="test2" time="0.008" classname="com.easbuy.tests.Annotations"/>
  <system-out/>
</testsuite> <!-- com.easbuy.tests.Annotations -->
