<?xml version="1.0" encoding="UTF-8"?>
<!-- Generated by org.testng.reporters.JUnitReportReporter -->
<testsuite skipped="0" hostname="LAPTOP-0PLB3QLT" name="com.easbuy.tests.Dataprovider_Ex" tests="2" failures="0" timestamp="2022-07-07T13:21:05 IST" time="18.987" errors="0">
  <testcase name="loginswaglabs" time="6.528" classname="com.easbuy.tests.Dataprovider_Ex"/>
  <system-out/>
  <testcase name="loginswaglabs" time="12.459" classname="com.easbuy.tests.Dataprovider_Ex"/>
  <system-out/>
</testsuite> <!-- com.easbuy.tests.Dataprovider_Ex -->
