<?xml version="1.0" encoding="UTF-8"?>
<!-- Generated by org.testng.reporters.JUnitReportReporter -->
<testsuite hostname="LAPTOP-0PLB3QLT" failures="0" tests="10" name="com.easbuy.tests.swaglabs" time="51.086" errors="0" timestamp="2022-07-09T12:37:56 IST" skipped="0">
  <testcase classname="com.easbuy.tests.swaglabs" name="clickLogin" time="1.555"/>
  <system-out/>
  <testcase classname="com.easbuy.tests.swaglabs" name="clickLogin" time="0.973"/>
  <system-out/>
  <testcase classname="com.easbuy.tests.swaglabs" name="verifyLogin" time="0.743"/>
  <system-out/>
  <testcase classname="com.easbuy.tests.swaglabs" name="openBrowser" time="16.080"/>
  <system-out/>
  <testcase classname="com.easbuy.tests.swaglabs" name="enterUsernameandPassword" time="4.409"/>
  <system-out/>
  <testcase classname="com.easbuy.tests.swaglabs" name="launchapplication" time="4.724"/>
  <system-out/>
  <testcase classname="com.easbuy.tests.swaglabs" name="enterUsernameandPassword" time="1.634"/>
  <system-out/>
  <testcase classname="com.easbuy.tests.swaglabs" name="verifyLogin" time="1.058"/>
  <system-out/>
  <testcase classname="com.easbuy.tests.swaglabs" name="openBrowser" time="15.359"/>
  <system-out/>
  <testcase classname="com.easbuy.tests.swaglabs" name="launchapplication" time="4.551"/>
  <system-out/>
</testsuite> <!-- com.easbuy.tests.swaglabs -->
